execve("./mycp", ["./mycp", "testdatei10MB", "junk", "1024", "2"], [/* 21 vars */]) = 0
brk(0)                                  = 0x900a000
access("/etc/ld.so.nohwcap", F_OK)      = -1 ENOENT (No such file or directory)
mmap2(NULL, 4096, PROT_READ|PROT_WRITE, MAP_PRIVATE|MAP_ANONYMOUS, -1, 0) = 0xb7741000
access("/etc/ld.so.preload", R_OK)      = -1 ENOENT (No such file or directory)
open("/etc/ld.so.cache", O_RDONLY)      = 3
fstat64(3, {st_mode=S_IFREG|0644, st_size=34643, ...}) = 0
mmap2(NULL, 34643, PROT_READ, MAP_PRIVATE, 3, 0) = 0xb7738000
close(3)                                = 0
access("/etc/ld.so.nohwcap", F_OK)      = -1 ENOENT (No such file or directory)
open("/lib/tls/i686/cmov/libc.so.6", O_RDONLY) = 3
read(3, "\177ELF\1\1\1\0\0\0\0\0\0\0\0\0\3\0\3\0\1\0\0\0000m\1\0004\0\0\0"..., 512) = 512
fstat64(3, {st_mode=S_IFREG|0755, st_size=1405508, ...}) = 0
mmap2(NULL, 4096, PROT_READ|PROT_WRITE, MAP_PRIVATE|MAP_ANONYMOUS, -1, 0) = 0xb7737000
mmap2(NULL, 1415592, PROT_READ|PROT_EXEC, MAP_PRIVATE|MAP_DENYWRITE, 3, 0) = 0xc2e000
mprotect(0xd81000, 4096, PROT_NONE)     = 0
mmap2(0xd82000, 12288, PROT_READ|PROT_WRITE, MAP_PRIVATE|MAP_FIXED|MAP_DENYWRITE, 3, 0x153) = 0xd82000
mmap2(0xd85000, 10664, PROT_READ|PROT_WRITE, MAP_PRIVATE|MAP_FIXED|MAP_ANONYMOUS, -1, 0) = 0xd85000
close(3)                                = 0
mmap2(NULL, 4096, PROT_READ|PROT_WRITE, MAP_PRIVATE|MAP_ANONYMOUS, -1, 0) = 0xb7736000
set_thread_area({entry_number:-1 -> 6, base_addr:0xb77366c0, limit:1048575, seg_32bit:1, contents:0, read_exec_only:0, limit_in_pages:1, seg_not_present:0, useable:1}) = 0
mprotect(0xd82000, 8192, PROT_READ)     = 0
mprotect(0x8049000, 4096, PROT_READ)    = 0
mprotect(0x2be000, 4096, PROT_READ)     = 0
munmap(0xb7738000, 34643)               = 0
gettimeofday({1291322736, 430399}, NULL) = 0
stat64("testdatei10MB", {st_mode=S_IFREG|0644, st_size=10485760, ...}) = 0
open("testdatei10MB", O_RDONLY)         = 3
creat("junk", 0100644)                  = 4
read(3, "sYFz\257\305\256U\f\220Z\353\202\216\25@\231\365|N/\10\v]B\370ai\253\306ha"..., 1024) = 1024
write(4, "sYFz\257\305\256U\f\220Z\353\202\216\25@\231\365|N/\10\v]B\370ai\253\306ha"..., 1024) = 1024

[...]

read(3, "\263\f[xG\344\226J\262\37\2657\2332\334@7'\254\\\353'\4\221b\305\30\321\325\321\324$"..., 1024) = 1024
write(4, "\263\f[xG\344\226J\262\37\2657\2332\334@7'\254\\\353'\4\221b\305\30\321\325\321\324$"..., 1024) = 1024
gettimeofday({1291322737, 738249}, NULL) = 0
fstat64(1, {st_mode=S_IFREG|0644, st_size=2374723, ...}) = 0
mmap2(NULL, 4096, PROT_READ|PROT_WRITE, MAP_PRIVATE|MAP_ANONYMOUS, -1, 0) = 0xb7740000
close(3)                                = 0
close(4)                                = 0
chmod("junk", 0100644)                  = 0
write(1, "10485760 Bytes insgesamt gelesen"..., 10210485760 Bytes insgesamt gelesen...
10485760 Bytes insgesamt geschrieben...
308850ms dafür benötigt
) = 102
exit_group(0)                           = ?
